[2021-09-16 19:35:52.169] [jointLog] [info] setting maxHashResizeThreads to 2
[2021-09-16 19:35:52.169] [jointLog] [info] Fragment incompatibility prior below threshold.  Incompatible fragments will be ignored.
[2021-09-16 19:35:52.169] [jointLog] [info] Usage of --validateMappings implies use of minScoreFraction. Since not explicitly specified, it is being set to 0.65
[2021-09-16 19:35:52.169] [jointLog] [info] Setting consensusSlack to selective-alignment default of 0.35.
[2021-09-16 19:35:52.169] [jointLog] [info] parsing read library format
[2021-09-16 19:35:52.169] [jointLog] [info] There is 1 library.
[2021-09-16 19:35:52.239] [jointLog] [info] Loading pufferfish index
[2021-09-16 19:35:52.239] [jointLog] [info] Loading dense pufferfish index.
[2021-09-16 19:35:52.243] [jointLog] [info] done
[2021-09-16 19:35:52.243] [jointLog] [info] Index contained 582 targets
[2021-09-16 19:35:52.243] [jointLog] [info] Number of decoys : 0
[2021-09-16 19:35:52.544] [jointLog] [info] Automatically detected most likely library type as IU

[2021-09-16 19:35:54.342] [fileLog] [info] 
At end of round 0
==================
Observed 100171 total fragments (100171 in most recent round)

[2021-09-16 19:35:54.342] [jointLog] [info] Computed 1370 rich equivalence classes for further processing
[2021-09-16 19:35:54.342] [jointLog] [info] Counted 100171 total reads in the equivalence classes 
[2021-09-16 19:35:54.345] [jointLog] [info] Number of mappings discarded because of alignment score : 58779
[2021-09-16 19:35:54.345] [jointLog] [info] Number of fragments entirely discarded because of alignment score : 0
[2021-09-16 19:35:54.345] [jointLog] [info] Number of fragments discarded because they are best-mapped to decoys : 0
[2021-09-16 19:35:54.345] [jointLog] [info] Number of fragments discarded because they have only dovetail (discordant) mappings to valid targets : 0
[2021-09-16 19:35:54.345] [jointLog] [warning] Only 100171 fragments were mapped, but the number of burn-in fragments was set to 5000000.
The effective lengths have been computed using the observed mappings.

[2021-09-16 19:35:54.345] [jointLog] [info] Mapping rate = 100%

[2021-09-16 19:35:54.345] [jointLog] [info] finished quantifyLibrary()
[2021-09-16 19:35:54.345] [jointLog] [info] Starting optimizer
[2021-09-16 19:35:54.347] [jointLog] [info] Marked 0 weighted equivalence classes as degenerate
[2021-09-16 19:35:54.347] [jointLog] [info] iteration = 0 | max rel diff. = 1840.47
[2021-09-16 19:35:54.366] [jointLog] [info] iteration = 100 | max rel diff. = 0.0727919
[2021-09-16 19:35:54.372] [jointLog] [info] iteration = 135 | max rel diff. = 0.00938735
[2021-09-16 19:35:54.372] [jointLog] [info] Finished optimizer
[2021-09-16 19:35:54.372] [jointLog] [info] writing output 

