quant/
quant/libParams/
quant/libParams/flenDist.txt
quant/cmd_info.json
quant/quant.sf
quant/lib_format_counts.json
quant/aux_info/
quant/aux_info/ambig_info.tsv
quant/aux_info/fld.gz
quant/aux_info/observed_bias.gz
quant/aux_info/meta_info.json
quant/aux_info/observed_bias_3p.gz
quant/aux_info/expected_bias.gz
quant/logs/
quant/logs/salmon_quant.log
Version Server Response: Not Found
### salmon (selective-alignment-based) v1.5.2
### [ program ] => salmon 
### [ command ] => quant 
### [ index ] => { index }
### [ libType ] => { A }
### [ mates1 ] => { /var/lib/toil/684110b8e23e5cd3bd5dee06e0f7ca6d/e58c/f8be/tmpwksntk10/reads_1.fq.gz }
### [ mates2 ] => { /var/lib/toil/684110b8e23e5cd3bd5dee06e0f7ca6d/e58c/f8be/tmpwksntk10/reads_2.fq.gz }
### [ validateMappings ] => { }
### [ output ] => { quant }
Logs will be written to quant/logs
[2021-09-16 20:41:03.172] [jointLog] [info] setting maxHashResizeThreads to 2
[2021-09-16 20:41:03.172] [jointLog] [info] Fragment incompatibility prior below threshold.  Incompatible fragments will be ignored.
[2021-09-16 20:41:03.172] [jointLog] [info] Usage of --validateMappings implies use of minScoreFraction. Since not explicitly specified, it is being set to 0.65
[2021-09-16 20:41:03.172] [jointLog] [info] Setting consensusSlack to selective-alignment default of 0.35.
[2021-09-16 20:41:03.172] [jointLog] [info] parsing read library format
[2021-09-16 20:41:03.172] [jointLog] [info] There is 1 library.
-----------------------------------------
| Loading contig table | Time = 599.83 us
-----------------------------------------
size = 2245
-----------------------------------------
| Loading contig offsets | Time = 59.875 us
-----------------------------------------
-----------------------------------------
| Loading reference lengths | Time = 5.039 us
-----------------------------------------
-----------------------------------------
| Loading mphf table | Time = 131.45 us
-----------------------------------------
size = 443050
Number of ones: 2244
Number of ones per inventory item: 512
[2021-09-16 20:41:03.240] [jointLog] [info] Loading pufferfish index
[2021-09-16 20:41:03.240] [jointLog] [info] Loading dense pufferfish index.
Inventory entries filled: 5
-----------------------------------------
| Loading contig boundaries | Time = 979.04 us
-----------------------------------------
size = 443050
-----------------------------------------
| Loading sequence | Time = 123.49 us
-----------------------------------------
size = 375730
-----------------------------------------
| Loading positions | Time = 717.6 us
-----------------------------------------
size = 1273843
-----------------------------------------
| Loading reference sequence | Time = 270.37 us
-----------------------------------------
-----------------------------------------
| Loading reference accumulative lengths | Time = 6.427 us
-----------------------------------------
[2021-09-16 20:41:03.243] [jointLog] [info] done
[2021-09-16 20:41:03.243] [jointLog] [info] Index contained 582 targets
[2021-09-16 20:41:03.243] [jointLog] [info] Number of decoys : 0




[2021-09-16 20:41:03.527] [jointLog] [info] Automatically detected most likely library type as IU









[2021-09-16 20:41:05.326] [jointLog] [info] Computed 1382 rich equivalence classes for further processing
[2021-09-16 20:41:05.326] [jointLog] [info] Counted 100171 total reads in the equivalence classes 
[2021-09-16 20:41:05.329] [jointLog] [info] Number of mappings discarded because of alignment score : 58779
[2021-09-16 20:41:05.329] [jointLog] [info] Number of fragments entirely discarded because of alignment score : 0
[2021-09-16 20:41:05.329] [jointLog] [info] Number of fragments discarded because they are best-mapped to decoys : 0
[2021-09-16 20:41:05.329] [jointLog] [info] Number of fragments discarded because they have only dovetail (discordant) mappings to valid targets : 0
[2021-09-16 20:41:05.329] [jointLog] [warning] Only 100171 fragments were mapped, but the number of burn-in fragments was set to 5000000.
The effective lengths have been computed using the observed mappings.

[2021-09-16 20:41:05.329] [jointLog] [info] Mapping rate = 100%

[2021-09-16 20:41:05.329] [jointLog] [info] finished quantifyLibrary()
[2021-09-16 20:41:05.329] [jointLog] [info] Starting optimizer
[2021-09-16 20:41:05.331] [jointLog] [info] Marked 0 weighted equivalence classes as degenerate
[2021-09-16 20:41:05.331] [jointLog] [info] iteration = 0 | max rel diff. = 1840.24
[2021-09-16 20:41:05.350] [jointLog] [info] iteration = 100 | max rel diff. = 0.0723605
[2021-09-16 20:41:05.356] [jointLog] [info] iteration = 133 | max rel diff. = 0.0085383
[2021-09-16 20:41:05.356] [jointLog] [info] Finished optimizer
[2021-09-16 20:41:05.356] [jointLog] [info] writing output 

