[2021-09-16 19:35:49.190] [puff::index::jointLog] [info] Running fixFasta
[2021-09-16 19:35:49.236] [puff::index::jointLog] [info] Replaced 0 non-ATCG nucleotides
[2021-09-16 19:35:49.236] [puff::index::jointLog] [info] Clipped poly-A tails from 7 transcripts
[2021-09-16 19:35:49.239] [puff::index::jointLog] [info] Filter size not provided; estimating from number of distinct k-mers
[2021-09-16 19:35:49.253] [puff::index::jointLog] [info] ntHll estimated 332782 distinct k-mers, setting filter size to 2^23
[2021-09-16 19:35:49.837] [puff::index::jointLog] [info] Starting the Pufferfish indexing by reading the GFA binary file.
[2021-09-16 19:35:49.837] [puff::index::jointLog] [info] Setting the index/BinaryGfa directory salmon_index
[2021-09-16 19:35:49.840] [puff::index::jointLog] [info] Done wrapping the rank vector with a rank9sel structure.
[2021-09-16 19:35:49.840] [puff::index::jointLog] [info] contig count for validation: 2244
[2021-09-16 19:35:49.841] [puff::index::jointLog] [info] Total # of Contigs : 2244
[2021-09-16 19:35:49.841] [puff::index::jointLog] [info] Total # of numerical Contigs : 2244
[2021-09-16 19:35:49.841] [puff::index::jointLog] [info] Total # of contig vec entries: 11787
[2021-09-16 19:35:49.841] [puff::index::jointLog] [info] bits per offset entry 14
[2021-09-16 19:35:49.842] [puff::index::jointLog] [info] Done constructing the contig vector. 2245
[2021-09-16 19:35:49.843] [puff::index::jointLog] [info] # segments = 2244
[2021-09-16 19:35:49.843] [puff::index::jointLog] [info] total length = 443050
[2021-09-16 19:35:49.843] [puff::index::jointLog] [info] Reading the reference files ...
[2021-09-16 19:35:49.850] [puff::index::jointLog] [info] positional integer width = 19
[2021-09-16 19:35:49.850] [puff::index::jointLog] [info] seqSize = 443050
[2021-09-16 19:35:49.850] [puff::index::jointLog] [info] rankSize = 443050
[2021-09-16 19:35:49.850] [puff::index::jointLog] [info] edgeVecSize = 0
[2021-09-16 19:35:49.850] [puff::index::jointLog] [info] num keys = 375730
[2021-09-16 19:35:49.968] [puff::index::jointLog] [info] mphf size = 0.23539 MB
[2021-09-16 19:35:49.969] [puff::index::jointLog] [info] chunk size = 221525
[2021-09-16 19:35:49.969] [puff::index::jointLog] [info] chunk 0 = [0, 221525)
[2021-09-16 19:35:49.969] [puff::index::jointLog] [info] chunk 1 = [221525, 443020)
[2021-09-16 19:35:49.989] [puff::index::jointLog] [info] finished populating pos vector
[2021-09-16 19:35:49.989] [puff::index::jointLog] [info] writing index components
[2021-09-16 19:35:49.990] [puff::index::jointLog] [info] finished writing dense pufferfish index
